\BOOKMARK [1][-]{section.1}{\376\377\000I\000n\000t\000r\000o\000d\000u\000z\000i\000o\000n\000e}{}% 1
\BOOKMARK [1][-]{section.2}{\376\377\000C\000o\000n\000t\000e\000s\000t\000o\000\040\000e\000\040\000M\000o\000t\000i\000v\000a\000z\000i\000o\000n\000e}{}% 2
\BOOKMARK [2][-]{subsection.2.1}{\376\377\000T\000e\000c\000n\000o\000l\000o\000g\000i\000e}{section.2}% 3
\BOOKMARK [3][-]{subsubsection.2.1.1}{\376\377\000H\000u\000g\000g\000i\000n\000g\000\040\000F\000a\000c\000e\000\040\000M\000o\000d\000e\000l\000\040\000c\000a\000r\000d}{subsection.2.1}% 4
\BOOKMARK [3][-]{subsubsection.2.1.2}{\376\377\000P\000r\000o\000c\000e\000s\000s\000o\000\040\000d\000i\000\040\000r\000a\000c\000c\000o\000l\000t\000a\000\040\000d\000a\000t\000i}{subsection.2.1}% 5
\BOOKMARK [3][-]{subsubsection.2.1.3}{\376\377\000L\000L\000M}{subsection.2.1}% 6
\BOOKMARK [3][-]{subsubsection.2.1.4}{\376\377\000C\000l\000u\000s\000t\000e\000r\000i\000n\000g}{subsection.2.1}% 7
\BOOKMARK [2][-]{subsection.2.2}{\376\377\000M\000o\000t\000i\000v\000a\000z\000i\000o\000n\000e}{section.2}% 8
\BOOKMARK [1][-]{section.3}{\376\377\000L\000a\000v\000o\000r\000i\000\040\000c\000o\000r\000r\000e\000l\000a\000t\000i}{}% 9
\BOOKMARK [2][-]{subsection.3.1}{\376\377\000S\000i\000s\000t\000e\000m\000i\000\040\000t\000r\000a\000d\000i\000z\000i\000o\000n\000a\000l\000i\000\040\000p\000e\000r\000\040\000r\000i\000u\000s\000o\000\040\000d\000i\000\040\000c\000o\000d\000i\000c\000e\000:}{section.3}% 10
\BOOKMARK [2][-]{subsection.3.2}{\376\377\000G\000e\000n\000e\000r\000a\000z\000i\000o\000n\000e\000\040\000d\000i\000\040\000c\000o\000d\000i\000c\000e\000\040\000t\000r\000a\000m\000i\000t\000e\000\040\000L\000L\000M\000s\000:}{section.3}% 11
\BOOKMARK [1][-]{section.4}{\376\377\000A\000p\000p\000r\000o\000c\000c\000i\000o}{}% 12
\BOOKMARK [2][-]{subsection.4.1}{\376\377\000F\000i\000l\000t\000r\000o\000\040\000m\000o\000d\000e\000l\000l\000i\000\040\000p\000o\000p\000o\000l\000a\000r\000i}{section.4}% 13
\BOOKMARK [2][-]{subsection.4.2}{\376\377\000F\000i\000l\000t\000r\000o\000\040\000d\000e\000i\000\040\000c\000o\000d\000i\000c\000i\000\040\000s\000o\000r\000g\000e\000n\000t\000i\000\040\000p\000e\000r\000\040\000l\000u\000n\000g\000h\000e\000z\000z\000a}{section.4}% 14
\BOOKMARK [2][-]{subsection.4.3}{\376\377\000R\000i\000c\000e\000r\000c\000a\000\040\000d\000e\000i\000\040\000m\000i\000g\000l\000i\000o\000r\000i\000\040\000c\000o\000d\000e\000\040\000s\000n\000i\000p\000p\000e\000t}{section.4}% 15
\BOOKMARK [3][-]{subsubsection.4.3.1}{\376\377\000A\000n\000a\000l\000i\000s\000i\000\040\000d\000e\000l\000l\000a\000\040\000s\000t\000r\000u\000t\000t\000u\000r\000a\000\040\000d\000e\000l\000\040\000c\000o\000d\000i\000c\000e}{subsection.4.3}% 16
\BOOKMARK [3][-]{subsubsection.4.3.2}{\376\377\000R\000a\000g\000g\000r\000u\000p\000p\000a\000m\000e\000n\000t\000o\000\040\000d\000e\000l\000l\000e\000\040\000i\000n\000f\000o\000r\000m\000a\000z\000i\000o\000n\000i}{subsection.4.3}% 17
\BOOKMARK [3][-]{subsubsection.4.3.3}{\376\377\000R\000i\000c\000e\000r\000c\000a\000\040\000d\000e\000l\000\040\000m\000i\000g\000l\000i\000o\000r\000\040\000s\000n\000i\000p\000p\000e\000t}{subsection.4.3}% 18
\BOOKMARK [3][-]{subsubsection.4.3.4}{\376\377\000E\000l\000a\000b\000o\000r\000a\000z\000i\000o\000n\000e\000\040\000p\000a\000r\000a\000l\000l\000e\000l\000a}{subsection.4.3}% 19
\BOOKMARK [3][-]{subsubsection.4.3.5}{\376\377\000S\000a\000l\000v\000a\000t\000a\000g\000g\000i\000o\000\040\000i\000n\000f\000o\000r\000m\000a\000z\000i\000o\000n\000i}{subsection.4.3}% 20
\BOOKMARK [2][-]{subsection.4.4}{\376\377\000U\000t\000i\000l\000i\000z\000z\000o\000\040\000d\000e\000l\000l\000'\000L\000L\000M}{section.4}% 21
\BOOKMARK [3][-]{subsubsection.4.4.1}{\376\377\000F\000l\000u\000s\000s\000o\000\040\000o\000p\000e\000r\000a\000t\000i\000v\000o}{subsection.4.4}% 22
\BOOKMARK [3][-]{subsubsection.4.4.2}{\376\377\000E\000s\000e\000m\000p\000i\000o\000\040\000d\000i\000\040\000c\000a\000r\000d\000\040\000g\000e\000n\000e\000r\000a\000t\000a}{subsection.4.4}% 23
\BOOKMARK [1][-]{section.5}{\376\377\000V\000a\000l\000i\000d\000a\000z\000i\000o\000n\000e\000\040\000e\000\040\000r\000i\000s\000u\000l\000t\000a\000t\000i}{}% 24
\BOOKMARK [2][-]{subsection.5.1}{\376\377\000S\000c\000e\000l\000t\000a\000\040\000L\000L\000M\000\040\000e\000\040\000m\000o\000d\000a\000l\000i\000t\000\340}{section.5}% 25
\BOOKMARK [2][-]{subsection.5.2}{\376\377\000V\000a\000l\000u\000t\000a\000z\000i\000o\000n\000e}{section.5}% 26
\BOOKMARK [3][-]{subsubsection.5.2.1}{\376\377\000C\000o\000s\000t\000r\000u\000z\000i\000o\000n\000e\000\040\000d\000a\000t\000a\000s\000e\000t\000\040\000d\000i\000\040\000t\000e\000s\000t}{subsection.5.2}% 27
\BOOKMARK [3][-]{subsubsection.5.2.2}{\376\377\000M\000e\000t\000r\000i\000c\000h\000e}{subsection.5.2}% 28
\BOOKMARK [2][-]{subsection.5.3}{\376\377\000R\000i\000s\000u\000l\000t\000a\000t\000i}{section.5}% 29
\BOOKMARK [3][-]{subsubsection.5.3.1}{\376\377\000D\000i\000s\000t\000r\000i\000b\000u\000z\000i\000o\000n\000e\000\040\000d\000e\000i\000\040\000v\000a\000l\000o\000r\000i\000\040\000C\000o\000d\000e\000B\000L\000E\000U}{subsection.5.3}% 30
\BOOKMARK [3][-]{subsubsection.5.3.2}{\376\377\000D\000i\000s\000t\000r\000i\000b\000u\000z\000i\000o\000n\000e\000\040\000d\000e\000l\000l\000a\000\040\000S\000i\000m\000i\000l\000a\000r\000i\000t\000\340\000\040\000C\000o\000s\000e\000n\000o}{subsection.5.3}% 31
\BOOKMARK [3][-]{subsubsection.5.3.3}{\376\377\000D\000i\000s\000t\000r\000i\000b\000u\000z\000i\000o\000n\000e\000\040\000d\000e\000i\000\040\000v\000a\000l\000o\000r\000i\000\040\000M\000E\000T\000E\000O\000R}{subsection.5.3}% 32
\BOOKMARK [3][-]{subsubsection.5.3.4}{\376\377\000C\000o\000n\000s\000i\000d\000e\000r\000a\000z\000i\000o\000n\000i\000\040\000a\000n\000a\000l\000i\000s\000i\000\040\000c\000o\000m\000p\000a\000r\000a\000t\000a}{subsection.5.3}% 33
\BOOKMARK [1][-]{section.6}{\376\377\000L\000i\000m\000i\000t\000a\000z\000i\000o\000n\000i}{}% 34
\BOOKMARK [1][-]{section.7}{\376\377\000C\000o\000n\000c\000l\000u\000s\000i\000o\000n\000i\000\040\000e\000\040\000s\000v\000i\000l\000u\000p\000p\000i\000\040\000f\000u\000t\000u\000r\000i}{}% 35
